<?xml version="1.0" encoding="UTF-8"?>
<testsuite xmlns:xsi="http://www.w3.org/2001/XMLSchema-instance" xsi:noNamespaceSchemaLocation="https://maven.apache.org/surefire/maven-surefire-plugin/xsd/surefire-test-report-3.0.xsd" version="3.0" name="otp.TestGeneradorOTP" time="0.116" tests="1" errors="0" skipped="0" failures="0">
  <properties>
[...]
</properties>
  <testcase name="generarOTPTest" classname="otp.TestGeneradorOTP" time="0.074">
    <system-out><![CDATA[OTP guardado en: D:\Proyecto\plataforma-segura-qa\pruebas-api\..\otp\otp-generado.txt
OTP generado desde pruebas-api: 472809
]]></system-out>
  </testcase>
</testsuite>